<?xml version="1.0" encoding="UTF-8"?>
<!-- Generated by org.testng.reporters.JUnitXMLReporter -->
<testsuite ignored="0" hostname="Mac-Cami.local" failures="0" tests="13" name="AllTests" time="0.115" errors="0" timestamp="2025-04-30T16:00:54 CST">
  <testcase classname="com.project.BankAccountTest" name="loginTest" time="0.001"/>
  <testcase classname="com.project.BankAccountTest" name="openAppTest" time="0.002"/>
  <testcase classname="com.project.BankAccountTest" name="testDepositWithDataProvider" time="0.011"/>
  <testcase classname="com.project.BankAccountTest" name="testDepositWithDataProvider" time="0.001"/>
  <testcase classname="com.project.BankAccountTest" name="testDepositWithDataProvider" time="0.006"/>
  <testcase classname="com.project.BankAccountTest" name="testNegativeDeposit" time="0.001"/>
  <testcase classname="com.project.BankAccountTest" name="testNegativeWithdrawal" time="0.001"/>
  <testcase classname="com.project.BankAccountTest" name="testOverdraft" time="0.001"/>
  <testcase classname="com.project.BankAccountTest" name="testParameterizedDeposit" time="0.005"/>
  <testcase classname="com.project.BankAccountTest" name="transferFundsTest" time="0.001"/>
  <testcase classname="com.project.BankAccountTest" name="loginUserTest" time="0.0"/>
  <testcase classname="com.project.BankAccountTest" name="testDeposit" time="0.001"/>
  <testcase classname="com.project.BankAccountTest" name="testWithdraw" time="0.0"/>
</testsuite> <!-- AllTests -->
