<?xml version="1.0" encoding="UTF-8"?>
<!-- Generated by org.testng.reporters.JUnitXMLReporter -->
<testsuite ignored="0" hostname="Mac-Cami.local" failures="0" tests="7" name="AllTests" time="0.106" errors="0" timestamp="2025-04-29T13:15:11 CST">
  <testcase classname="com.project.BankAccountTest" name="loginTest" time="0.002"/>
  <testcase classname="com.project.BankAccountTest" name="testDeposit" time="0.003"/>
  <testcase classname="com.project.BankAccountTest" name="testParameterizedDeposit" time="0.01"/>
  <testcase classname="com.project.BankAccountTest" name="testNegativeDeposit" time="0.001"/>
  <testcase classname="com.project.BankAccountTest" name="testNegativeWithdrawal" time="0.0"/>
  <testcase classname="com.project.BankAccountTest" name="testWithdraw" time="0.001"/>
  <testcase classname="com.project.BankAccountTest" name="transferFundsTest" time="0.0"/>
</testsuite> <!-- AllTests -->
