<?xml version="1.0" encoding="UTF-8"?>
<!-- Generated by org.testng.reporters.JUnitXMLReporter -->
<testsuite ignored="10" hostname="Mac-Cami.local" failures="0" tests="3" name="DataProviderTests" time="0.013" errors="0" timestamp="2025-04-30T16:00:54 CST">
  <testcase classname="com.project.BankAccountTest" name="testDepositWithDataProvider" time="0.0"/>
  <testcase classname="com.project.BankAccountTest" name="testDepositWithDataProvider" time="0.001"/>
  <testcase classname="com.project.BankAccountTest" name="testDepositWithDataProvider" time="0.0"/>
  <testcase classname="com.project.BankAccountTest" name="testNegativeWithdrawal" time="0.0">
    <ignored/>
  </testcase> <!-- testNegativeWithdrawal -->
  <testcase classname="com.project.BankAccountTest" name="loginUserTest" time="0.0">
    <ignored/>
  </testcase> <!-- loginUserTest -->
  <testcase classname="com.project.BankAccountTest" name="testOverdraft" time="0.0">
    <ignored/>
  </testcase> <!-- testOverdraft -->
  <testcase classname="com.project.BankAccountTest" name="testNegativeDeposit" time="0.0">
    <ignored/>
  </testcase> <!-- testNegativeDeposit -->
  <testcase classname="com.project.BankAccountTest" name="loginTest" time="0.0">
    <ignored/>
  </testcase> <!-- loginTest -->
  <testcase classname="com.project.BankAccountTest" name="testDeposit" time="0.0">
    <ignored/>
  </testcase> <!-- testDeposit -->
  <testcase classname="com.project.BankAccountTest" name="openAppTest" time="0.0">
    <ignored/>
  </testcase> <!-- openAppTest -->
  <testcase classname="com.project.BankAccountTest" name="testWithdraw" time="0.0">
    <ignored/>
  </testcase> <!-- testWithdraw -->
  <testcase classname="com.project.BankAccountTest" name="testParameterizedDeposit" time="0.0">
    <ignored/>
  </testcase> <!-- testParameterizedDeposit -->
  <testcase classname="com.project.BankAccountTest" name="transferFundsTest" time="0.0">
    <ignored/>
  </testcase> <!-- transferFundsTest -->
</testsuite> <!-- DataProviderTests -->
