<?xml version="1.0" encoding="UTF-8"?>
<!-- Generated by org.testng.reporters.JUnitXMLReporter -->
<testsuite ignored="5" hostname="Mac-Cami.local" failures="0" tests="2" name="NegativeTests" time="0.01" errors="0" timestamp="2025-04-29T13:15:11 CST">
  <testcase classname="com.project.BankAccountTest" name="testNegativeDeposit" time="0.0"/>
  <testcase classname="com.project.BankAccountTest" name="testNegativeWithdrawal" time="0.0"/>
  <testcase classname="com.project.BankAccountTest" name="transferFundsTest" time="0.0">
    <ignored/>
  </testcase> <!-- transferFundsTest -->
  <testcase classname="com.project.BankAccountTest" name="testWithdraw" time="0.0">
    <ignored/>
  </testcase> <!-- testWithdraw -->
  <testcase classname="com.project.BankAccountTest" name="testParameterizedDeposit" time="0.0">
    <ignored/>
  </testcase> <!-- testParameterizedDeposit -->
  <testcase classname="com.project.BankAccountTest" name="testDeposit" time="0.0">
    <ignored/>
  </testcase> <!-- testDeposit -->
  <testcase classname="com.project.BankAccountTest" name="loginTest" time="0.0">
    <ignored/>
  </testcase> <!-- loginTest -->
</testsuite> <!-- NegativeTests -->
