<?xml version="1.0" encoding="UTF-8"?>
<!-- Generated by org.testng.reporters.JUnitXMLReporter -->
<testsuite ignored="6" hostname="Mac-Cami.local" failures="0" tests="1" name="ParameterizedTests" time="0.012" errors="0" timestamp="2025-04-29T13:15:11 CST">
  <testcase classname="com.project.BankAccountTest" name="testParameterizedDeposit" time="0.005"/>
  <testcase classname="com.project.BankAccountTest" name="testWithdraw" time="0.0">
    <ignored/>
  </testcase> <!-- testWithdraw -->
  <testcase classname="com.project.BankAccountTest" name="loginTest" time="0.0">
    <ignored/>
  </testcase> <!-- loginTest -->
  <testcase classname="com.project.BankAccountTest" name="testNegativeWithdrawal" time="0.0">
    <ignored/>
  </testcase> <!-- testNegativeWithdrawal -->
  <testcase classname="com.project.BankAccountTest" name="testDeposit" time="0.0">
    <ignored/>
  </testcase> <!-- testDeposit -->
  <testcase classname="com.project.BankAccountTest" name="testNegativeDeposit" time="0.0">
    <ignored/>
  </testcase> <!-- testNegativeDeposit -->
  <testcase classname="com.project.BankAccountTest" name="transferFundsTest" time="0.0">
    <ignored/>
  </testcase> <!-- transferFundsTest -->
</testsuite> <!-- ParameterizedTests -->
