<?xml version="1.0" encoding="UTF-8"?>
<!-- Generated by org.testng.reporters.JUnitReportReporter -->
<testsuite hostname="Mac-Cami.local" failures="0" tests="18" name="com.project.BankAccountTest" time="0.073" errors="0" timestamp="2025-04-30T20:29:28 CST" skipped="0">
  <testcase classname="com.project.BankAccountTest" name="testNegativeWithdrawal" time="0.003"/>
  <testcase classname="com.project.BankAccountTest" name="testNegativeWithdrawal" time="0.001"/>
  <testcase classname="com.project.BankAccountTest" name="testNegativeDeposit" time="0.002"/>
  <testcase classname="com.project.BankAccountTest" name="testNegativeWithdrawal" time="0.002"/>
  <testcase classname="com.project.BankAccountTest" name="testOverdraft" time="0.007"/>
  <testcase classname="com.project.BankAccountTest" name="testNegativeWithdrawal" time="0.003"/>
  <testcase classname="com.project.BankAccountTest" name="testNegativeWithdrawal" time="0.005"/>
  <testcase classname="com.project.BankAccountTest" name="testOverdraft" time="0.004"/>
  <testcase classname="com.project.BankAccountTest" name="testOverdraft" time="0.002"/>
  <testcase classname="com.project.BankAccountTest" name="testNegativeDeposit" time="0.010"/>
  <testcase classname="com.project.BankAccountTest" name="testNegativeDeposit" time="0.006"/>
  <testcase classname="com.project.BankAccountTest" name="testNegativeDeposit" time="0.002"/>
  <testcase classname="com.project.BankAccountTest" name="testOverdraft" time="0.001"/>
  <testcase classname="com.project.BankAccountTest" name="testNegativeDeposit" time="0.001"/>
  <testcase classname="com.project.BankAccountTest" name="testNegativeDeposit" time="0.003"/>
  <testcase classname="com.project.BankAccountTest" name="testNegativeWithdrawal" time="0.003"/>
  <testcase classname="com.project.BankAccountTest" name="testOverdraft" time="0.016"/>
  <testcase classname="com.project.BankAccountTest" name="testOverdraft" time="0.002"/>
</testsuite> <!-- com.project.BankAccountTest -->
