<?xml version="1.0" encoding="UTF-8"?>
<!-- Generated by org.testng.reporters.JUnitReportReporter -->
<testsuite hostname="Mac-Cami.local" failures="0" tests="24" name="com.project.BankAccountTest" time="0.071" errors="0" timestamp="2025-04-30T16:00:55 CST" skipped="0">
  <testcase classname="com.project.BankAccountTest" name="testNegativeDeposit" time="0.002"/>
  <testcase classname="com.project.BankAccountTest" name="testOverdraft" time="0.000"/>
  <testcase classname="com.project.BankAccountTest" name="testNegativeWithdrawal" time="0.001"/>
  <testcase classname="com.project.BankAccountTest" name="testNegativeWithdrawal" time="0.001"/>
  <testcase classname="com.project.BankAccountTest" name="testDepositWithDataProvider" time="0.003"/>
  <testcase classname="com.project.BankAccountTest" name="testDepositWithDataProvider" time="0.006"/>
  <testcase classname="com.project.BankAccountTest" name="testDepositWithDataProvider" time="0.007"/>
  <testcase classname="com.project.BankAccountTest" name="transferFundsTest" time="0.001"/>
  <testcase classname="com.project.BankAccountTest" name="transferFundsTest" time="0.011"/>
  <testcase classname="com.project.BankAccountTest" name="testDepositWithDataProvider" time="0.002"/>
  <testcase classname="com.project.BankAccountTest" name="testNegativeDeposit" time="0.001"/>
  <testcase classname="com.project.BankAccountTest" name="openAppTest" time="0.003"/>
  <testcase classname="com.project.BankAccountTest" name="loginTest" time="0.002"/>
  <testcase classname="com.project.BankAccountTest" name="testDepositWithDataProvider" time="0.001"/>
  <testcase classname="com.project.BankAccountTest" name="testOverdraft" time="0.002"/>
  <testcase classname="com.project.BankAccountTest" name="testParameterizedDeposit" time="0.005"/>
  <testcase classname="com.project.BankAccountTest" name="testDepositWithDataProvider" time="0.012"/>
  <testcase classname="com.project.BankAccountTest" name="testParameterizedDeposit" time="0.001"/>
  <testcase classname="com.project.BankAccountTest" name="loginTest" time="0.002"/>
  <testcase classname="com.project.BankAccountTest" name="loginUserTest" time="0.004"/>
  <testcase classname="com.project.BankAccountTest" name="testDeposit" time="0.001"/>
  <testcase classname="com.project.BankAccountTest" name="testDeposit" time="0.001"/>
  <testcase classname="com.project.BankAccountTest" name="testWithdraw" time="0.001"/>
  <testcase classname="com.project.BankAccountTest" name="testWithdraw" time="0.001"/>
</testsuite> <!-- com.project.BankAccountTest -->
