<?xml version="1.0" encoding="UTF-8"?>
<testsuite xmlns:xsi="http://www.w3.org/2001/XMLSchema-instance" xsi:noNamespaceSchemaLocation="https://maven.apache.org/surefire/maven-surefire-plugin/xsd/surefire-test-report-3.0.xsd" version="3.0" name="TestSuite" time="1.315" tests="24" errors="0" skipped="0" failures="0">
  <properties>
[...]
</properties>
  <testcase name="loginTest" classname="com.project.BankAccountTest" time="0.002">
    <system-out><![CDATA[Initializing test suite resources
Preparing to run tests in BankAccountTest class
Setting up a fresh account before each test method
Logging in
]]></system-out>
    <system-err><![CDATA[SLF4J: Failed to load class "org.slf4j.impl.StaticLoggerBinder".
SLF4J: Defaulting to no-operation (NOP) logger implementation
SLF4J: See http://www.slf4j.org/codes.html#StaticLoggerBinder for further details.
]]></system-err>
  </testcase>
  <testcase name="loginTest" classname="com.project.BankAccountTest" time="0.0">
    <system-out><![CDATA[Cleaning up after test method
Setting up a fresh account before each test method
Logging in
]]></system-out>
  </testcase>
  <testcase name="openAppTest" classname="com.project.BankAccountTest" time="0.0">
    <system-out><![CDATA[Cleaning up after test method
Setting up a fresh account before each test method
Opening banking app...
]]></system-out>
  </testcase>
  <testcase name="testDepositWithDataProvider[100.0, 50.0, 150.0](1)" classname="com.project.BankAccountTest" time="0.001">
    <system-out><![CDATA[Cleaning up after test method
Setting up a fresh account before each test method
]]></system-out>
  </testcase>
  <testcase name="testDepositWithDataProvider[100.0, 50.0, 150.0](1)" classname="com.project.BankAccountTest" time="0.0">
    <system-out><![CDATA[Cleaning up after test method
Setting up a fresh account before each test method
]]></system-out>
  </testcase>
  <testcase name="testDepositWithDataProvider[500.0, 500.0, 1000.0](2)" classname="com.project.BankAccountTest" time="0.0">
    <system-out><![CDATA[Cleaning up after test method
Setting up a fresh account before each test method
]]></system-out>
  </testcase>
  <testcase name="testDepositWithDataProvider[500.0, 500.0, 1000.0](2)" classname="com.project.BankAccountTest" time="0.0">
    <system-out><![CDATA[Cleaning up after test method
Setting up a fresh account before each test method
]]></system-out>
  </testcase>
  <testcase name="testDepositWithDataProvider[0.0, 100.0, 100.0](3)" classname="com.project.BankAccountTest" time="0.0">
    <system-out><![CDATA[Cleaning up after test method
Setting up a fresh account before each test method
]]></system-out>
  </testcase>
  <testcase name="testDepositWithDataProvider[0.0, 100.0, 100.0](3)" classname="com.project.BankAccountTest" time="0.0">
    <system-out><![CDATA[Cleaning up after test method
Setting up a fresh account before each test method
]]></system-out>
  </testcase>
  <testcase name="testNegativeDeposit" classname="com.project.BankAccountTest" time="0.001">
    <system-out><![CDATA[Cleaning up after test method
Setting up a fresh account before each test method
]]></system-out>
  </testcase>
  <testcase name="testNegativeDeposit" classname="com.project.BankAccountTest" time="0.009">
    <system-out><![CDATA[Cleaning up after test method
Setting up a fresh account before each test method
]]></system-out>
  </testcase>
  <testcase name="testNegativeWithdrawal" classname="com.project.BankAccountTest" time="0.0">
    <system-out><![CDATA[Cleaning up after test method
Setting up a fresh account before each test method
]]></system-out>
  </testcase>
  <testcase name="testNegativeWithdrawal" classname="com.project.BankAccountTest" time="0.0">
    <system-out><![CDATA[Cleaning up after test method
Setting up a fresh account before each test method
]]></system-out>
  </testcase>
  <testcase name="testOverdraft" classname="com.project.BankAccountTest" time="0.001">
    <system-out><![CDATA[Cleaning up after test method
Setting up a fresh account before each test method
]]></system-out>
  </testcase>
  <testcase name="testOverdraft" classname="com.project.BankAccountTest" time="0.0">
    <system-out><![CDATA[Cleaning up after test method
Setting up a fresh account before each test method
]]></system-out>
  </testcase>
  <testcase name="testParameterizedDeposit[1000.0, 500.0](1)" classname="com.project.BankAccountTest" time="0.004">
    <system-out><![CDATA[Cleaning up after test method
Setting up a fresh account before each test method
]]></system-out>
  </testcase>
  <testcase name="testParameterizedDeposit[1000.0, 500.0](1)" classname="com.project.BankAccountTest" time="0.0">
    <system-out><![CDATA[Cleaning up after test method
Setting up a fresh account before each test method
]]></system-out>
  </testcase>
  <testcase name="transferFundsTest" classname="com.project.BankAccountTest" time="0.0">
    <system-out><![CDATA[Cleaning up after test method
Setting up a fresh account before each test method
Transferring funds after login
]]></system-out>
  </testcase>
  <testcase name="transferFundsTest" classname="com.project.BankAccountTest" time="0.0">
    <system-out><![CDATA[Cleaning up after test method
Setting up a fresh account before each test method
Transferring funds after login
]]></system-out>
  </testcase>
  <testcase name="loginUserTest" classname="com.project.BankAccountTest" time="0.0">
    <system-out><![CDATA[Cleaning up after test method
Setting up a fresh account before each test method
Logging in as user...
]]></system-out>
  </testcase>
  <testcase name="testDeposit" classname="com.project.BankAccountTest" time="0.0">
    <system-out><![CDATA[Cleaning up after test method
Setting up a fresh account before each test method
]]></system-out>
  </testcase>
  <testcase name="testDeposit" classname="com.project.BankAccountTest" time="0.0">
    <system-out><![CDATA[Cleaning up after test method
Completed all tests in BankAccountTest class
Setting up a fresh account before each test method
]]></system-out>
  </testcase>
  <testcase name="testWithdraw" classname="com.project.BankAccountTest" time="0.0">
    <system-out><![CDATA[Cleaning up after test method
Setting up a fresh account before each test method
]]></system-out>
  </testcase>
  <testcase name="testWithdraw" classname="com.project.BankAccountTest" time="0.0">
    <system-out><![CDATA[Cleaning up after test method
Setting up a fresh account before each test method
]]></system-out>
  </testcase>
</testsuite>